<?xml version="1.0" encoding="UTF-8"?>
<!-- Generated by org.testng.reporters.JUnitReportReporter -->
<testsuite skipped="0" hostname="Rayudu-PC" name="rayuduacademy.ExtentReports.ExtentReportsDemo" tests="1" failures="0" timestamp="03 Mar 2023 10:36:41 GMT" time="14.428" errors="0">
  <testcase name="initialDemo" time="14.428" classname="rayuduacademy.ExtentReports.ExtentReportsDemo"/>
</testsuite> <!-- rayuduacademy.ExtentReports.ExtentReportsDemo -->
