<?xml version="1.0" encoding="UTF-8"?>
<!-- Generated by org.testng.reporters.JUnitReportReporter -->
<testsuite skipped="0" hostname="Rayudu-PC" name="rayuduacademy.SubmitOrderTest" tests="3" failures="0" timestamp="29 Mar 2023 05:24:31 GMT" time="79.947" errors="0">
  <testcase name="submitOrder" time="40.777" classname="rayuduacademy.SubmitOrderTest"/>
  <testcase name="OrderHistoryTest" time="9.894" classname="rayuduacademy.SubmitOrderTest"/>
  <testcase name="submitOrder" time="29.276" classname="rayuduacademy.SubmitOrderTest"/>
</testsuite> <!-- rayuduacademy.SubmitOrderTest -->
