<?xml version="1.0" encoding="UTF-8"?>
<!-- Generated by org.testng.reporters.JUnitReportReporter -->
<testsuite skipped="0" hostname="Rayudu-PC" name="test.day4" tests="3" failures="0" timestamp="2023-02-23T00:41:15 IST" time="0.012" errors="0">
  <testcase name="webLoginHomeLoan" time="0.006" classname="test.day4"/>
  <system-out/>
  <testcase name="loginAPIHomeLoan" time="0.003" classname="test.day4"/>
  <system-out/>
  <testcase name="mobileLoginHomeLoan" time="0.003" classname="test.day4"/>
  <system-out/>
</testsuite> <!-- test.day4 -->
