<?xml version="1.0" encoding="UTF-8"?>
<!-- Generated by org.testng.reporters.JUnitReportReporter -->
<testsuite skipped="1" hostname="Rayudu-PC" name="test.day3" tests="6" failures="0" timestamp="2023-02-23T00:41:15 IST" time="0.017" errors="0">
  <testcase name="mobileSignOutCarLoan" time="0.004" classname="test.day3"/>
  <system-out/>
  <testcase name="webLoginCarLoan" time="0.003" classname="test.day3"/>
  <system-out/>
  <testcase name="mobileSignOutCarLoan" time="0.002" classname="test.day3"/>
  <system-out/>
  <testcase name="mobileLoginCarLoan" time="0.004" classname="test.day3"/>
  <system-out/>
  <testcase name="mobileSignOutCarLoan" time="0.004" classname="test.day3"/>
  <system-out/>
  <testcase name="mobileSignInCarLoan" classname="test.day3">
    <skipped/>
  </testcase> <!-- mobileSignInCarLoan -->
  <system-out/>
</testsuite> <!-- test.day3 -->
