<?xml version="1.0" encoding="UTF-8"?>
<!-- Generated by org.testng.reporters.JUnitReportReporter -->
<testsuite skipped="0" hostname="Rayudu-PC" name="test.day1" tests="1" failures="0" timestamp="2023-02-23T00:41:15 IST" time="0.007" errors="0">
  <testcase name="Demo" time="0.007" classname="test.day1"/>
  <system-out/>
</testsuite> <!-- test.day1 -->
