<?xml version="1.0" encoding="UTF-8"?>
<!-- Generated by org.testng.reporters.JUnitReportReporter -->
<testsuite skipped="0" hostname="Rayudu-PC" name="cucumber.TestNGTestRunner" tests="1" failures="0" timestamp="29 Mar 2023 08:59:48 GMT" time="27.237" errors="0">
  <testcase name="runScenario" time="27.237" classname="cucumber.TestNGTestRunner"/>
</testsuite> <!-- cucumber.TestNGTestRunner -->
