<?xml version="1.0" encoding="UTF-8"?>
<!-- Generated by org.testng.reporters.JUnitReportReporter -->
<testsuite skipped="0" hostname="Rayudu-PC" name="rayuduacademy.SubmitOrderTest" tests="3" failures="0" timestamp="15 Mar 2023 19:32:14 GMT" time="57.449" errors="0">
  <testcase name="OrderHistoryTest" time="8.239" classname="rayuduacademy.SubmitOrderTest"/>
  <testcase name="submitOrder" time="24.123" classname="rayuduacademy.SubmitOrderTest"/>
  <testcase name="submitOrder" time="25.087" classname="rayuduacademy.SubmitOrderTest"/>
</testsuite> <!-- rayuduacademy.SubmitOrderTest -->
